2026-07-08 [09:08:02] [INFO] 处理: 门店销售报表_茶颜_各门店各商品销量数据明细_20260707_09_27_53 (2).xlsx
2026-07-08 [09:08:02] [INFO] [1/3] 转换 xlsx -> CSV ...
2026-07-08 [09:08:23] [INFO]   CSV: 茶颜日杯数_20260706.csv
2026-07-08 [09:08:23] [INFO] [2/3] 解析CSV，更新JSON ...
2026-07-08 [09:08:23] [INFO]   数据日期: 20260706, 门店数: 760
2026-07-08 [09:08:24] [INFO] JSON更新完成: 月份=2026-07, 日期=20260706
2026-07-08 [09:08:24] [INFO]   杯数记录: 760 条, 产品记录: 760 条
2026-07-08 [09:08:24] [INFO] [3/3] 推送到GitHub ...
2026-07-08 [09:14:00] [INFO] 处理: 门店销售报表_茶颜_各门店各商品销量数据明细_20260615_09_39_59.xlsx
2026-07-08 [09:14:00] [INFO] [1/3] 转换 xlsx -> CSV ...
2026-07-08 [09:17:20] [INFO]   CSV: 茶颜日杯数_20260612.csv
2026-07-08 [09:17:20] [INFO] [2/3] 解析CSV，更新JSON ...
2026-07-08 [09:17:20] [INFO]   数据日期: 20260612, 门店数: 763
2026-07-08 [09:17:27] [INFO] JSON更新完成: 月份=2026-06, 日期=20260612
2026-07-08 [09:17:27] [INFO]   杯数记录: 763 条, 产品记录: 763 条
2026-07-08 [09:17:27] [INFO] [3/3] 推送到GitHub ...
2026-07-08 [09:17:48] [INFO] 处理: 门店销售报表_茶颜_各门店各商品销量数据明细_20260616_09_30_59.xlsx
2026-07-08 [09:17:48] [INFO] [1/3] 转换 xlsx -> CSV ...
2026-07-08 [09:19:24] [INFO]   CSV: 茶颜日杯数_20260615.csv
2026-07-08 [09:19:24] [INFO] [2/3] 解析CSV，更新JSON ...
2026-07-08 [09:19:24] [INFO]   数据日期: 20260615, 门店数: 760
2026-07-08 [09:19:25] [INFO] JSON更新完成: 月份=2026-06, 日期=20260615
2026-07-08 [09:19:25] [INFO]   杯数记录: 760 条, 产品记录: 760 条
2026-07-08 [09:19:25] [INFO] [3/3] 推送到GitHub ...
2026-07-08 [09:19:36] [INFO] 处理: 门店销售报表_茶颜_各门店各商品销量数据明细_20260616_1127.xlsx
2026-07-08 [09:19:36] [INFO] [1/3] 转换 xlsx -> CSV ...
2026-07-08 [09:19:37] [INFO]   CSV: 茶颜日杯数_20260615.csv
2026-07-08 [09:19:37] [INFO] [2/3] 解析CSV，更新JSON ...
2026-07-08 [09:19:37] [INFO]   数据日期: 20260615, 门店数: 54
2026-07-08 [09:19:38] [INFO] JSON更新完成: 月份=2026-06, 日期=20260615
2026-07-08 [09:19:38] [INFO]   杯数记录: 54 条, 产品记录: 54 条
2026-07-08 [09:19:38] [INFO] [3/3] 推送到GitHub ...
2026-07-08 [09:19:43] [INFO] 处理: 门店销售报表_茶颜_各门店各商品销量数据明细_20260708_09_09_59.xlsx
2026-07-08 [09:19:43] [INFO] [1/3] 转换 xlsx -> CSV ...
2026-07-08 [09:19:51] [INFO] 处理: 门店销售报表_茶颜_各门店各商品销量数据明细_20260617_09_33_34.xlsx
2026-07-08 [09:19:51] [INFO] [1/3] 转换 xlsx -> CSV ...
2026-07-08 [09:20:02] [INFO]   CSV: 茶颜日杯数_20260707.csv
2026-07-08 [09:20:02] [INFO] [2/3] 解析CSV，更新JSON ...
2026-07-08 [09:20:02] [INFO]   数据日期: 20260707, 门店数: 761
2026-07-08 [09:20:03] [INFO] JSON更新完成: 月份=2026-07, 日期=20260707
2026-07-08 [09:20:03] [INFO]   杯数记录: 761 条, 产品记录: 761 条
2026-07-08 [09:20:03] [INFO] [3/3] 推送到GitHub ...
2026-07-08 [09:20:30] [INFO]   CSV: 茶颜日杯数_20260616.csv
2026-07-08 [09:20:30] [INFO] [2/3] 解析CSV，更新JSON ...
2026-07-08 [09:20:30] [INFO]   数据日期: 20260616, 门店数: 763
2026-07-08 [09:20:31] [INFO] JSON更新完成: 月份=2026-06, 日期=20260616
2026-07-08 [09:20:31] [INFO]   杯数记录: 763 条, 产品记录: 763 条
2026-07-08 [09:20:31] [INFO] [3/3] 推送到GitHub ...
2026-07-08 [09:20:42] [INFO] 处理: 门店销售报表_茶颜_各门店各商品销量数据明细_20260617_1030.xlsx
2026-07-08 [09:20:42] [INFO] [1/3] 转换 xlsx -> CSV ...
2026-07-08 [09:20:43] [INFO]   CSV: 茶颜日杯数_20260616.csv
2026-07-08 [09:20:43] [INFO] [2/3] 解析CSV，更新JSON ...
2026-07-08 [09:20:43] [INFO]   数据日期: 20260616, 门店数: 54
2026-07-08 [09:20:44] [INFO] JSON更新完成: 月份=2026-06, 日期=20260616
2026-07-08 [09:20:44] [INFO]   杯数记录: 54 条, 产品记录: 54 条
2026-07-08 [09:20:44] [INFO] [3/3] 推送到GitHub ...
2026-07-08 [09:20:57] [INFO] 处理: 门店销售报表_茶颜_各门店各商品销量数据明细_20260618_09_30_06 (1).xlsx
2026-07-08 [09:20:57] [INFO] [1/3] 转换 xlsx -> CSV ...
2026-07-08 [09:21:19] [INFO]   CSV: 茶颜日杯数_20260617.csv
2026-07-08 [09:21:19] [INFO] [2/3] 解析CSV，更新JSON ...
2026-07-08 [09:21:19] [INFO]   数据日期: 20260617, 门店数: 764
2026-07-08 [09:21:19] [INFO] JSON更新完成: 月份=2026-06, 日期=20260617
2026-07-08 [09:21:19] [INFO]   杯数记录: 764 条, 产品记录: 764 条
2026-07-08 [09:21:19] [INFO] [3/3] 推送到GitHub ...
2026-07-08 [09:21:33] [INFO] 处理: 门店销售报表_茶颜_各门店各商品销量数据明细_20260618_09_30_06.xlsx
2026-07-08 [09:21:33] [INFO] [1/3] 转换 xlsx -> CSV ...
2026-07-08 [09:21:54] [INFO]   CSV: 茶颜日杯数_20260617.csv
2026-07-08 [09:21:54] [INFO] [2/3] 解析CSV，更新JSON ...
2026-07-08 [09:21:54] [INFO]   数据日期: 20260617, 门店数: 764
2026-07-08 [09:21:54] [INFO] JSON更新完成: 月份=2026-06, 日期=20260617
2026-07-08 [09:21:54] [INFO]   杯数记录: 764 条, 产品记录: 764 条
2026-07-08 [09:21:54] [INFO] [3/3] 推送到GitHub ...
2026-07-08 [09:22:05] [INFO] 处理: 门店销售报表_茶颜_各门店各商品销量数据明细_20260618_1036.xlsx
2026-07-08 [09:22:06] [INFO] [1/3] 转换 xlsx -> CSV ...
2026-07-08 [09:22:06] [INFO]   CSV: 茶颜日杯数_20260617.csv
2026-07-08 [09:22:06] [INFO] [2/3] 解析CSV，更新JSON ...
2026-07-08 [09:22:06] [INFO]   数据日期: 20260617, 门店数: 54
2026-07-08 [09:22:07] [INFO] JSON更新完成: 月份=2026-06, 日期=20260617
2026-07-08 [09:22:07] [INFO]   杯数记录: 54 条, 产品记录: 54 条
2026-07-08 [09:22:07] [INFO] [3/3] 推送到GitHub ...
2026-07-08 [09:22:20] [INFO] 处理: 门店销售报表_茶颜_各门店各商品销量数据明细_20260618_15_30_42.xlsx
2026-07-08 [09:22:20] [INFO] [1/3] 转换 xlsx -> CSV ...
2026-07-09 [09:00:21] [ERROR] 文件不存在: /c/Users/62398/Downloads/门店销售报表_茶颜_各门店各商品销量数据明细_20260709_08_51_26.xlsx
2026-07-09 [09:04:02] [INFO] 处理: 门店销售报表_茶颜_各门店各商品销量数据明细_20260709_08_51_26.xlsx
2026-07-09 [09:04:02] [INFO] [1/3] 转换 xlsx -> CSV ...
2026-07-09 [09:04:30] [INFO]   CSV: 茶颜日杯数_20260708.csv
2026-07-09 [09:04:30] [INFO] [2/3] 解析CSV，更新JSON ...
2026-07-09 [09:04:30] [INFO]   数据日期: 20260708, 门店数: 761
2026-07-09 [09:04:31] [INFO] JSON更新完成: 月份=2026-07, 日期=20260708
2026-07-09 [09:04:31] [INFO]   杯数记录: 761 条, 产品记录: 761 条
2026-07-09 [09:04:31] [INFO] [3/3] 推送到GitHub ...
2026-07-09 [09:04:32] [INFO] 已提交: 数据更新: 2026-07-09 09:04
2026-07-09 [09:04:37] [INFO] 推送成功！GitHub Pages 将在1-2分钟内自动更新
2026-07-09 [09:07:16] [INFO] 处理: 门店销售报表_茶颜_各门店各商品销量数据明细_20260709_08_51_26.xlsx
2026-07-09 [09:07:16] [INFO] [1/3] 转换 xlsx -> CSV ...
2026-07-09 [09:07:38] [INFO] 处理: 门店销售报表_茶颜_各门店各商品销量数据明细_20260709_08_51_26.xlsx
2026-07-09 [09:07:38] [INFO] [1/3] 转换 xlsx -> CSV ...
2026-07-09 [09:08:15] [INFO]   CSV: 茶颜日杯数_20260708.csv
2026-07-09 [09:08:15] [INFO] [2/3] 解析CSV，更新JSON ...
2026-07-09 [09:08:15] [INFO]   数据日期: 20260708, 门店数: 761
2026-07-09 [09:08:17] [INFO] JSON更新完成: 月份=2026-07, 日期=20260708
2026-07-09 [09:08:17] [INFO]   杯数记录: 761 条, 产品记录: 761 条
2026-07-09 [09:08:17] [INFO] [3/3] 推送到GitHub ...
2026-07-09 [09:08:27] [INFO]   CSV: 茶颜日杯数_20260708.csv
2026-07-09 [09:08:27] [INFO] [2/3] 解析CSV，更新JSON ...
2026-07-09 [09:08:27] [INFO]   数据日期: 20260708, 门店数: 761
2026-07-09 [09:08:27] [INFO] JSON更新完成: 月份=2026-07, 日期=20260708
2026-07-09 [09:08:27] [INFO]   杯数记录: 761 条, 产品记录: 761 条
2026-07-09 [09:08:27] [INFO] [3/3] 推送到GitHub ...
2026-07-09 [09:08:28] [INFO] 已提交: 数据更新: 2026-07-09 09:08
2026-07-09 [09:08:33] [INFO] 推送成功！GitHub Pages 将在1-2分钟内自动更新
2026-07-09 [18:34:47] [INFO] 处理: 门店销售报表_茶颜_各门店各商品销量数据明细_20260709_18_34_19.xlsx
2026-07-09 [18:34:47] [INFO] [1/3] 转换 xlsx -> CSV ...
2026-07-09 [18:35:28] [INFO]   CSV: 茶颜日杯数_20260609.csv
2026-07-09 [18:35:28] [INFO] [2/3] 解析CSV，更新JSON ...
2026-07-09 [18:35:28] [ERROR] CSV解析失败！
2026-07-10 [09:03:13] [INFO] 处理: 门店销售报表_茶颜_各门店各商品销量数据明细_20260710_09_02_13.xlsx
2026-07-10 [09:03:13] [INFO] [1/3] 转换 xlsx -> CSV ...
2026-07-10 [09:03:23] [INFO] 处理: 门店销售报表_茶颜_各门店各商品销量数据明细_20260710_09_02_13.xlsx
2026-07-10 [09:03:23] [INFO] [1/3] 转换 xlsx -> CSV ...
2026-07-10 [09:03:36] [INFO]   CSV: 茶颜日杯数_20260709.csv
2026-07-10 [09:03:36] [INFO] [2/3] 解析CSV，更新JSON ...
2026-07-10 [09:03:36] [INFO]   数据日期: 20260709, 门店数: 762
2026-07-10 [09:03:37] [INFO] JSON更新完成: 月份=2026-07, 日期=20260709
2026-07-10 [09:03:37] [INFO]   杯数记录: 762 条, 产品记录: 762 条
2026-07-10 [09:03:37] [INFO] [3/3] 推送到GitHub ...
2026-07-10 [09:03:39] [INFO]   CSV: 茶颜日杯数_20260709.csv
2026-07-10 [09:03:39] [INFO] [2/3] 解析CSV，更新JSON ...
2026-07-10 [09:03:39] [INFO]   数据日期: 20260709, 门店数: 762
2026-07-10 [09:03:40] [INFO] JSON更新完成: 月份=2026-07, 日期=20260709
2026-07-10 [09:03:40] [INFO]   杯数记录: 762 条, 产品记录: 762 条
2026-07-10 [09:03:40] [INFO] [3/3] 推送到GitHub ...
2026-07-10 [09:15:42] [INFO] 处理: 门店销售报表_茶颜_各门店各商品销量数据明细_20260710_09_02_13.xlsx
2026-07-10 [09:15:42] [INFO] [1/3] 转换 xlsx -> CSV ...
2026-07-10 [09:16:35] [INFO]   CSV: 茶颜日杯数_20260709.csv
2026-07-10 [09:16:35] [INFO] [2/3] 解析CSV，更新JSON ...
2026-07-10 [09:16:35] [INFO]   数据日期: 20260709, 门店数: 762
2026-07-10 [09:16:36] [INFO] JSON更新完成: 月份=2026-07, 日期=20260709
2026-07-10 [09:16:36] [INFO]   杯数记录: 762 条, 产品记录: 762 条
2026-07-10 [09:16:36] [INFO] [3/3] 推送到GitHub ...
2026-07-10 [09:16:37] [INFO] 已提交: 数据更新: 2026-07-10 09:16
2026-07-10 [09:17:21] [ERROR] 推送失败: fatal: Authentication failed for 'https://github.com/summerrain620/waterbar.git/'

2026-07-10 [09:21:38] [INFO] 处理: 门店销售报表_茶颜_各门店各商品销量数据明细_20260710_09_02_13.xlsx
2026-07-10 [09:21:38] [INFO] [1/3] 转换 xlsx -> CSV ...
2026-07-10 [09:22:53] [INFO]   转换完成: 762 条记录
2026-07-10 [09:22:53] [INFO]   CSV: 茶颜日杯数_20260710.csv
2026-07-10 [09:22:53] [INFO] [2/3] 解析CSV，更新JSON ...
2026-07-10 [09:22:53] [INFO]   数据日期: 20260709, 门店数: 762
2026-07-10 [09:22:54] [INFO] JSON更新完成: 月份=2026-07, 日期=20260709
2026-07-10 [09:22:54] [INFO]   杯数记录: 762 条, 产品记录: 762 条
2026-07-10 [09:22:54] [INFO] [3/3] 推送到GitHub ...
2026-07-10 [09:24:06] [INFO] 处理: 门店销售报表_茶颜_各门店各商品销量数据明细_20260710_09_02_13.xlsx
2026-07-10 [09:24:06] [INFO] [1/3] 转换 xlsx -> CSV ...
2026-07-10 [09:24:47] [INFO]   转换完成: 762 条记录
2026-07-10 [09:24:47] [INFO]   CSV: 茶颜日杯数_20260710.csv
2026-07-10 [09:24:47] [INFO] [2/3] 解析CSV，更新JSON ...
2026-07-10 [09:24:47] [INFO]   数据日期: 20260709, 门店数: 762
2026-07-10 [09:24:47] [INFO] JSON更新完成: 月份=2026-07, 日期=20260709
2026-07-10 [09:24:47] [INFO]   杯数记录: 762 条, 产品记录: 762 条
2026-07-10 [09:24:48] [INFO] [3/3] 推送到GitHub ...
2026-07-10 [09:24:50] [INFO] 已提交: 数据更新: 2026-07-10 09:24
2026-07-10 [09:24:54] [ERROR] 推送失败: To https://github.com/summerrain620/waterbar.git
 ! [rejected]        main -> main (fetch first)
error: failed to push some refs to 'https://github.com/summerrain620/waterbar.git'
hint: Updates were rejected because the remote contains work that you do not
hint: have locally. This is usually caused by another repository pushing to
hint: the same ref. If you want to integrate the remote changes, use
hint: 'git pull' before pushing again.
hint: See the 'Note about fast-forwards' in 'git push --help' for details.

2026-07-11 [23:36:27] [INFO] 处理: 门店销售报表_茶颜_各门店各商品销量数据明细_20260711_23_29_00.xlsx
2026-07-11 [23:36:27] [INFO] [1/3] 转换 xlsx -> CSV ...
2026-07-11 [23:36:52] [INFO]   转换完成: 764 条记录
2026-07-11 [23:36:52] [INFO]   CSV: 茶颜日杯数_20260711.csv
2026-07-11 [23:36:52] [INFO] [2/3] 解析CSV，更新JSON ...
2026-07-11 [23:36:52] [INFO]   数据日期: 20260710, 门店数: 764
2026-07-11 [23:37:27] [INFO] 处理: 门店销售报表_茶颜_各门店各商品销量数据明细_20260711_23_29_00.xlsx
2026-07-11 [23:37:27] [INFO] [1/3] 转换 xlsx -> CSV ...
2026-07-11 [23:37:51] [INFO]   转换完成: 764 条记录
2026-07-11 [23:37:51] [INFO]   CSV: 茶颜日杯数_20260711.csv
2026-07-11 [23:37:51] [INFO] [2/3] 解析CSV，更新JSON ...
2026-07-11 [23:37:51] [INFO]   数据日期: 20260710, 门店数: 764
2026-07-11 [23:37:52] [INFO] JSON更新完成: 月份=2026-07, 日期=20260710
2026-07-11 [23:37:52] [INFO]   杯数记录: 764 条, 产品记录: 764 条
2026-07-11 [23:37:52] [INFO] [3/3] 跳过推送 (批量模式，最后统一推送)
2026-07-11 [23:40:15] [INFO] 处理: 门店销售报表_茶颜_各门店各商品销量数据明细_20260711_23_29_00.xlsx
2026-07-11 [23:40:15] [INFO] [1/3] 转换 xlsx -> CSV ...
2026-07-11 [23:41:24] [INFO]   转换完成: 764 条记录
2026-07-11 [23:41:24] [INFO]   CSV: 茶颜日杯数_20260711.csv
2026-07-11 [23:41:24] [INFO] [2/3] 解析CSV，更新JSON ...
2026-07-11 [23:41:24] [INFO]   数据日期: 20260710, 门店数: 764
2026-07-11 [23:41:26] [INFO] JSON更新完成: 月份=2026-07, 日期=20260710
2026-07-11 [23:41:26] [INFO]   杯数记录: 764 条, 产品记录: 764 条
2026-07-11 [23:41:26] [INFO] [3/3] 推送到GitHub ...
2026-07-11 [23:41:28] [WARN] git pull 返回: error: Please commit or stash them.
2026-07-11 [23:41:33] [INFO] 已提交: 数据更新: 2026-07-11 23:41
2026-07-11 [23:41:38] [INFO] 推送成功！GitHub Pages 将在1-2分钟内自动更新
2026-07-12 [21:42:40] [INFO] 处理: 门店销售报表_茶颜_各门店各商品销量数据明细_20260712_21_37_43.xlsx
2026-07-12 [21:42:40] [INFO] [1/3] 转换 xlsx -> CSV ...
2026-07-12 [21:43:05] [INFO]   转换完成: 762 条记录
2026-07-12 [21:43:05] [INFO]   CSV: 茶颜日杯数_20260712.csv
2026-07-12 [21:43:05] [INFO] [2/3] 解析CSV，更新JSON ...
2026-07-12 [21:43:05] [INFO]   数据日期: 20260711, 门店数: 762
2026-07-12 [21:43:06] [INFO] JSON更新完成: 月份=2026-07, 日期=20260711
2026-07-12 [21:43:06] [INFO]   杯数记录: 762 条, 产品记录: 762 条
2026-07-12 [21:43:06] [INFO] [3/3] 跳过推送 (批量模式，最后统一推送)
2026-07-12 [21:48:39] [INFO] 处理: 门店销售报表_茶颜_各门店各商品销量数据明细_20260712_21_37_43.xlsx
2026-07-12 [21:48:39] [INFO] [1/3] 转换 xlsx -> CSV ...
2026-07-12 [21:49:00] [INFO]   转换完成: 762 条记录
2026-07-12 [21:49:00] [INFO]   CSV: 茶颜日杯数_20260712.csv
2026-07-12 [21:49:00] [INFO] [2/3] 解析CSV，更新JSON ...
2026-07-12 [21:49:00] [INFO]   数据日期: 20260711, 门店数: 762
2026-07-12 [21:49:01] [INFO] JSON更新完成: 月份=2026-07, 日期=20260711
2026-07-12 [21:49:01] [INFO]   杯数记录: 762 条, 产品记录: 762 条
2026-07-12 [21:49:01] [INFO] [3/3] 推送到GitHub ...
2026-07-12 [21:49:02] [WARN] git pull 返回: error: Please commit or stash them.
2026-07-12 [21:49:06] [INFO] 已提交: 数据更新: 2026-07-12 21:49
2026-07-12 [21:49:56] [INFO] 处理: 门店销售报表_茶颜_各门店各商品销量数据明细_20260712_21_37_43.xlsx
2026-07-12 [21:49:56] [INFO] [1/3] 转换 xlsx -> CSV ...
2026-07-12 [21:51:10] [INFO] 处理: 门店销售报表_茶颜_各门店各商品销量数据明细_20260712_21_37_43.xlsx
2026-07-12 [21:51:10] [INFO] [1/3] 转换 xlsx -> CSV ...
