[2026-07-08 09:07:50] [INFO] ==================================================
[2026-07-08 09:07:50] [INFO]   茶颜看板 XLSX 实时监控 启动
[2026-07-08 09:07:50] [INFO]   监控目录: C:\Users\62398\Downloads
[2026-07-08 09:07:50] [INFO]   文件模式: 门店销售报表_茶颜_各门店各商品销量数据明细_*.xlsx
[2026-07-08 09:07:50] [INFO] ==================================================
[2026-07-08 09:07:50] [INFO] 启动时发现未处理文件: 门店销售报表_茶颜_各门店各商品销量数据明细_20260707_09_27_53 (2).xlsx (1051分钟前)
[2026-07-08 09:08:00] [INFO] 检测到文件就绪: 门店销售报表_茶颜_各门店各商品销量数据明细_20260707_09_27_53 (2).xlsx
[2026-07-08 09:08:00] [INFO] 开始处理: 门店销售报表_茶颜_各门店各商品销量数据明细_20260707_09_27_53 (2).xlsx
[2026-07-08 09:08:24] [ERROR] ❌ 处理失败 (exit=1)
[2026-07-08 09:08:24] [INFO] 监控已启动，等待 xlsx 文件...
[2026-07-08 09:13:50] [INFO] 检测到文件就绪: 门店销售报表_茶颜_各门店各商品销量数据明细_20260615_09_39_59.xlsx
[2026-07-08 09:13:50] [INFO] 开始处理: 门店销售报表_茶颜_各门店各商品销量数据明细_20260615_09_39_59.xlsx
[2026-07-08 09:17:27] [ERROR] ❌ 处理失败 (exit=1)
[2026-07-08 09:17:37] [INFO] 检测到文件就绪: 门店销售报表_茶颜_各门店各商品销量数据明细_20260616_09_30_59.xlsx
[2026-07-08 09:17:37] [INFO] 开始处理: 门店销售报表_茶颜_各门店各商品销量数据明细_20260616_09_30_59.xlsx
[2026-07-08 09:19:25] [ERROR] ❌ 处理失败 (exit=1)
[2026-07-08 09:19:32] [INFO] ==================================================
[2026-07-08 09:19:32] [INFO]   茶颜看板 XLSX 实时监控 启动
[2026-07-08 09:19:32] [INFO]   监控目录: C:\Users\62398\Downloads
[2026-07-08 09:19:32] [INFO]   文件模式: 门店销售报表_茶颜_各门店各商品销量数据明细_*.xlsx
[2026-07-08 09:19:32] [INFO] ==================================================
[2026-07-08 09:19:32] [INFO] 启动时发现未处理文件: 门店销售报表_茶颜_各门店各商品销量数据明细_20260708_09_09_59.xlsx (3分钟前)
[2026-07-08 09:19:35] [INFO] 检测到文件就绪: 门店销售报表_茶颜_各门店各商品销量数据明细_20260616_1127.xlsx
[2026-07-08 09:19:35] [INFO] 开始处理: 门店销售报表_茶颜_各门店各商品销量数据明细_20260616_1127.xlsx
[2026-07-08 09:19:38] [ERROR] ❌ 处理失败 (exit=1)
[2026-07-08 09:19:42] [INFO] 检测到文件就绪: 门店销售报表_茶颜_各门店各商品销量数据明细_20260708_09_09_59.xlsx
[2026-07-08 09:19:42] [INFO] 开始处理: 门店销售报表_茶颜_各门店各商品销量数据明细_20260708_09_09_59.xlsx
[2026-07-08 09:19:48] [INFO] 检测到文件就绪: 门店销售报表_茶颜_各门店各商品销量数据明细_20260617_09_33_34.xlsx
[2026-07-08 09:19:48] [INFO] 开始处理: 门店销售报表_茶颜_各门店各商品销量数据明细_20260617_09_33_34.xlsx
[2026-07-08 09:20:03] [ERROR] ❌ 处理失败 (exit=1)
[2026-07-08 09:20:03] [ERROR]                                cwd,
[2026-07-08 09:20:03] [ERROR]                                ^^^^
[2026-07-08 09:20:03] [ERROR]                                startupinfo)
[2026-07-08 09:20:03] [ERROR]                                ^^^^^^^^^^^^
[2026-07-08 09:20:03] [ERROR]   FileNotFoundError: [WinError 2] 系统找不到指定的文件。
[2026-07-08 09:20:03] [INFO] 监控已启动，等待 xlsx 文件...
[2026-07-08 09:20:31] [ERROR] ❌ 处理失败 (exit=1)
[2026-07-08 09:20:41] [INFO] 检测到文件就绪: 门店销售报表_茶颜_各门店各商品销量数据明细_20260617_1030.xlsx
[2026-07-08 09:20:41] [INFO] 开始处理: 门店销售报表_茶颜_各门店各商品销量数据明细_20260617_1030.xlsx
[2026-07-08 09:20:44] [ERROR] ❌ 处理失败 (exit=1)
[2026-07-08 09:20:54] [INFO] 检测到文件就绪: 门店销售报表_茶颜_各门店各商品销量数据明细_20260618_09_30_06 (1).xlsx
[2026-07-08 09:20:54] [INFO] 开始处理: 门店销售报表_茶颜_各门店各商品销量数据明细_20260618_09_30_06 (1).xlsx
[2026-07-08 09:21:19] [ERROR] ❌ 处理失败 (exit=1)
[2026-07-08 09:21:29] [INFO] 检测到文件就绪: 门店销售报表_茶颜_各门店各商品销量数据明细_20260618_09_30_06.xlsx
[2026-07-08 09:21:29] [INFO] 开始处理: 门店销售报表_茶颜_各门店各商品销量数据明细_20260618_09_30_06.xlsx
[2026-07-08 09:21:55] [ERROR] ❌ 处理失败 (exit=1)
[2026-07-08 09:22:05] [INFO] 检测到文件就绪: 门店销售报表_茶颜_各门店各商品销量数据明细_20260618_1036.xlsx
[2026-07-08 09:22:05] [INFO] 开始处理: 门店销售报表_茶颜_各门店各商品销量数据明细_20260618_1036.xlsx
[2026-07-08 09:22:07] [ERROR] ❌ 处理失败 (exit=1)
[2026-07-08 09:22:17] [INFO] 检测到文件就绪: 门店销售报表_茶颜_各门店各商品销量数据明细_20260618_15_30_42.xlsx
[2026-07-08 09:22:17] [INFO] 开始处理: 门店销售报表_茶颜_各门店各商品销量数据明细_20260618_15_30_42.xlsx
[2026-07-08 09:22:39] [ERROR] ❌ 处理失败 (exit=4294967295)
[2026-07-09 09:07:06] [INFO] ==================================================
[2026-07-09 09:07:06] [INFO]   茶颜看板 XLSX 实时监控 启动
[2026-07-09 09:07:06] [INFO]   监控目录: C:\Users\62398\Downloads
[2026-07-09 09:07:06] [INFO]   文件模式: 门店销售报表_茶颜_各门店各商品销量数据明细_*.xlsx
[2026-07-09 09:07:06] [INFO] ==================================================
[2026-07-09 09:07:06] [INFO] 启动时发现未处理文件: 门店销售报表_茶颜_各门店各商品销量数据明细_20260709_08_51_26.xlsx (15分钟前)
[2026-07-09 09:07:16] [INFO] 检测到文件就绪: 门店销售报表_茶颜_各门店各商品销量数据明细_20260709_08_51_26.xlsx
[2026-07-09 09:07:16] [INFO] 开始处理: 门店销售报表_茶颜_各门店各商品销量数据明细_20260709_08_51_26.xlsx
[2026-07-09 09:07:28] [INFO] ==================================================
[2026-07-09 09:07:28] [INFO]   茶颜看板 XLSX 实时监控 启动
[2026-07-09 09:07:28] [INFO]   监控目录: C:\Users\62398\Downloads
[2026-07-09 09:07:28] [INFO]   文件模式: 门店销售报表_茶颜_各门店各商品销量数据明细_*.xlsx
[2026-07-09 09:07:28] [INFO] ==================================================
[2026-07-09 09:07:28] [INFO] 启动时发现未处理文件: 门店销售报表_茶颜_各门店各商品销量数据明细_20260709_08_51_26.xlsx (15分钟前)
[2026-07-09 09:07:38] [INFO] 检测到文件就绪: 门店销售报表_茶颜_各门店各商品销量数据明细_20260709_08_51_26.xlsx
[2026-07-09 09:07:38] [INFO] 开始处理: 门店销售报表_茶颜_各门店各商品销量数据明细_20260709_08_51_26.xlsx
[2026-07-09 09:08:17] [ERROR] ❌ 处理异常: [WinError 2] 系统找不到指定的文件。
[2026-07-09 09:08:17] [INFO] 监控已启动，等待 xlsx 文件...
[2026-07-09 09:08:33] [INFO] ✅ 处理成功
[2026-07-09 09:08:33] [INFO] 监控已启动，等待 xlsx 文件...
[2026-07-09 09:10:41] [INFO] ==================================================
[2026-07-09 09:10:41] [INFO]   茶颜看板 XLSX 实时监控 启动
[2026-07-09 09:10:41] [INFO]   监控目录: C:\Users\62398\Downloads
[2026-07-09 09:10:41] [INFO]   文件模式: 门店销售报表_茶颜_各门店各商品销量数据明细_*.xlsx
[2026-07-09 09:10:41] [INFO] ==================================================
[2026-07-09 09:10:41] [INFO] 监控已启动，等待 xlsx 文件...
[2026-07-09 12:48:50] [INFO] ==================================================
[2026-07-09 12:48:50] [INFO]   茶颜看板 XLSX 实时监控 启动
[2026-07-09 12:48:50] [INFO]   监控目录: C:\Users\62398\Downloads
[2026-07-09 12:48:50] [INFO]   文件模式: 门店销售报表_茶颜_各门店各商品销量数据明细_*.xlsx
[2026-07-09 12:48:50] [INFO] ==================================================
[2026-07-09 12:48:50] [INFO] 监控已启动，等待 xlsx 文件...
[2026-07-09 18:34:26] [INFO] 新文件创建: f5e6ee23-29b1-4208-8c95-209e42e0376c.tmp
[2026-07-09 18:34:27] [INFO] 文件移动: 未确认 585719.crdownload
[2026-07-09 18:34:27] [INFO] 文件移动: 门店销售报表_茶颜_各门店各商品销量数据明细_20260709_18_34_19.xlsx
[2026-07-09 18:34:37] [INFO] 文件还在变化中，跳过: 门店销售报表_茶颜_各门店各商品销量数据明细_20260709_18_34_19.xlsx
[2026-07-09 18:34:47] [INFO] 检测到文件就绪: 门店销售报表_茶颜_各门店各商品销量数据明细_20260709_18_34_19.xlsx
[2026-07-09 18:34:47] [INFO] 开始处理: 门店销售报表_茶颜_各门店各商品销量数据明细_20260709_18_34_19.xlsx
[2026-07-09 18:35:28] [ERROR] ❌ 处理失败
[2026-07-09 18:35:28] [INFO] 新文件创建: ~$门店销售报表_茶颜_各门店各商品销量数据明细_20260709_18_34_19.xlsx
[2026-07-09 18:47:49] [INFO] ==================================================
[2026-07-09 18:47:49] [INFO]   茶颜看板 XLSX 实时监控 启动
[2026-07-09 18:47:49] [INFO]   监控目录: C:\Users\62398\茶颜看板数据
[2026-07-09 18:47:49] [INFO]   文件模式: 门店销售报表_茶颜_各门店各商品销量数据明细_*.xlsx
[2026-07-09 18:47:49] [INFO] ==================================================
[2026-07-09 18:47:49] [INFO] 监控已启动，等待 xlsx 文件...
[2026-07-10 08:57:56] [INFO] ==================================================
[2026-07-10 08:57:56] [INFO]   茶颜看板 XLSX 实时监控 启动
[2026-07-10 08:57:56] [INFO]   监控目录: C:\Users\62398\茶颜看板数据
[2026-07-10 08:57:56] [INFO]   文件模式: 门店销售报表_茶颜_各门店各商品销量数据明细_*.xlsx
[2026-07-10 08:57:56] [INFO] ==================================================
[2026-07-10 08:57:56] [INFO] 监控已启动，等待 xlsx 文件...
[2026-07-10 09:03:03] [INFO] 新文件创建: 门店销售报表_茶颜_各门店各商品销量数据明细_20260710_09_02_13.xlsx
[2026-07-10 09:03:13] [INFO] 检测到文件就绪: 门店销售报表_茶颜_各门店各商品销量数据明细_20260710_09_02_13.xlsx
[2026-07-10 09:03:13] [INFO] 开始处理: 门店销售报表_茶颜_各门店各商品销量数据明细_20260710_09_02_13.xlsx
[2026-07-10 09:03:23] [INFO] 检测到文件就绪: 门店销售报表_茶颜_各门店各商品销量数据明细_20260710_09_02_13.xlsx
[2026-07-10 09:03:23] [INFO] 开始处理: 门店销售报表_茶颜_各门店各商品销量数据明细_20260710_09_02_13.xlsx
[2026-07-10 09:03:37] [ERROR] ❌ 处理异常: [WinError 2] 系统找不到指定的文件。
[2026-07-10 09:03:40] [ERROR] ❌ 处理异常: [WinError 2] 系统找不到指定的文件。
[2026-07-10 09:21:28] [INFO] ==================================================
[2026-07-10 09:21:28] [INFO]   茶颜看板 XLSX 实时监控 启动
[2026-07-10 09:21:28] [INFO]   监控目录: C:\Users\62398\茶颜看板数据
[2026-07-10 09:21:28] [INFO]   文件模式: 门店销售报表_茶颜_各门店各商品销量数据明细_*.xlsx
[2026-07-10 09:21:28] [INFO] ==================================================
[2026-07-10 09:21:28] [INFO] 启动时发现未处理文件: 门店销售报表_茶颜_各门店各商品销量数据明细_20260710_09_02_13.xlsx (19分钟前)
[2026-07-10 09:21:38] [INFO] 检测到文件就绪: 门店销售报表_茶颜_各门店各商品销量数据明细_20260710_09_02_13.xlsx
[2026-07-10 09:21:38] [INFO] 开始处理: 门店销售报表_茶颜_各门店各商品销量数据明细_20260710_09_02_13.xlsx
[2026-07-10 09:22:54] [ERROR] ❌ 处理异常: [WinError 2] 系统找不到指定的文件。
[2026-07-10 09:22:54] [INFO] 监控已启动，等待 xlsx 文件...
[2026-07-10 09:22:58] [INFO] 新文件创建: ~$门店销售报表_茶颜_各门店各商品销量数据明细_20260710_09_02_13.xlsx
[2026-07-10 09:23:56] [INFO] ==================================================
[2026-07-10 09:23:56] [INFO]   茶颜看板 XLSX 实时监控 启动
[2026-07-10 09:23:56] [INFO]   监控目录: C:\Users\62398\茶颜看板数据
[2026-07-10 09:23:56] [INFO]   文件模式: 门店销售报表_茶颜_各门店各商品销量数据明细_*.xlsx
[2026-07-10 09:23:56] [INFO] ==================================================
[2026-07-10 09:23:56] [INFO] 启动时发现未处理文件: 门店销售报表_茶颜_各门店各商品销量数据明细_20260710_09_02_13.xlsx (21分钟前)
[2026-07-10 09:24:06] [INFO] 检测到文件就绪: 门店销售报表_茶颜_各门店各商品销量数据明细_20260710_09_02_13.xlsx
[2026-07-10 09:24:06] [INFO] 开始处理: 门店销售报表_茶颜_各门店各商品销量数据明细_20260710_09_02_13.xlsx
[2026-07-10 09:24:54] [INFO] ✅ 处理成功
[2026-07-10 09:24:54] [INFO] 监控已启动，等待 xlsx 文件...
[2026-07-10 10:10:49] [INFO] ==================================================
[2026-07-10 10:10:49] [INFO]   茶颜看板 XLSX 实时监控 启动
[2026-07-10 10:10:49] [INFO]   监控目录: C:\Users\62398\茶颜看板数据
[2026-07-10 10:10:49] [INFO]   文件模式: 门店销售报表_茶颜_各门店各商品销量数据明细_*.xlsx
[2026-07-10 10:10:49] [INFO] ==================================================
[2026-07-10 10:10:49] [INFO] 监控已启动，等待 xlsx 文件...
[2026-07-10 10:31:15] [INFO] 跳过重复: 门店销售报表_茶颜_各门店各商品销量数据明细_20260710_09_02_13.xlsx (文件未变化)
[2026-07-10 11:30:45] [INFO] ==================================================
[2026-07-10 11:30:45] [INFO]   茶颜看板 XLSX 实时监控 启动
[2026-07-10 11:30:45] [INFO]   监控目录: C:\Users\62398\茶颜看板数据
[2026-07-10 11:30:45] [INFO]   文件模式: 门店销售报表_茶颜_各门店各商品销量数据明细_*.xlsx
[2026-07-10 11:30:45] [INFO] ==================================================
[2026-07-10 11:30:45] [INFO] 监控已启动，等待 xlsx 文件...
[2026-07-10 15:09:09] [INFO] 跳过重复: 门店销售报表_茶颜_各门店各商品销量数据明细_20260710_09_02_13.xlsx (文件未变化)
[2026-07-11 23:40:05] [INFO] ==================================================
[2026-07-11 23:40:05] [INFO]   茶颜看板 XLSX 实时监控 启动
[2026-07-11 23:40:05] [INFO]   监控目录: C:\Users\62398\茶颜看板数据
[2026-07-11 23:40:05] [INFO]   文件模式: 门店销售报表_茶颜_各门店各商品销量数据明细_*.xlsx
[2026-07-11 23:40:05] [INFO] ==================================================
[2026-07-11 23:40:05] [INFO] 启动时发现未处理文件: 门店销售报表_茶颜_各门店各商品销量数据明细_20260711_23_29_00.xlsx (11分钟前)
[2026-07-11 23:40:15] [INFO] 检测到文件就绪: 门店销售报表_茶颜_各门店各商品销量数据明细_20260711_23_29_00.xlsx
[2026-07-11 23:40:15] [INFO] 开始处理: 门店销售报表_茶颜_各门店各商品销量数据明细_20260711_23_29_00.xlsx
[2026-07-11 23:41:38] [INFO] ✅ 处理成功
[2026-07-11 23:41:38] [INFO] 监控已启动，等待 xlsx 文件...
[2026-07-12 01:35:27] [INFO] ==================================================
[2026-07-12 01:35:27] [INFO]   茶颜看板 XLSX 实时监控 启动
[2026-07-12 01:35:27] [INFO]   监控目录: C:\Users\62398\茶颜看板数据
[2026-07-12 01:35:27] [INFO]   文件模式: 门店销售报表_茶颜_各门店各商品销量数据明细_*.xlsx
[2026-07-12 01:35:27] [INFO] ==================================================
[2026-07-12 01:35:27] [INFO] 监控已启动，等待 xlsx 文件...
[2026-07-12 21:48:29] [INFO] ==================================================
[2026-07-12 21:48:29] [INFO]   茶颜看板 XLSX 实时监控 启动
[2026-07-12 21:48:29] [INFO]   监控目录: C:\Users\62398\茶颜看板数据
[2026-07-12 21:48:29] [INFO]   文件模式: 门店销售报表_茶颜_各门店各商品销量数据明细_*.xlsx
[2026-07-12 21:48:29] [INFO] ==================================================
[2026-07-12 21:48:29] [INFO] 启动时发现未处理文件: 门店销售报表_茶颜_各门店各商品销量数据明细_20260712_21_37_43.xlsx (11分钟前)
[2026-07-12 21:48:39] [INFO] 检测到文件就绪: 门店销售报表_茶颜_各门店各商品销量数据明细_20260712_21_37_43.xlsx
[2026-07-12 21:48:39] [INFO] 开始处理: 门店销售报表_茶颜_各门店各商品销量数据明细_20260712_21_37_43.xlsx
[2026-07-12 21:49:46] [INFO] ==================================================
[2026-07-12 21:49:46] [INFO]   茶颜看板 XLSX 实时监控 启动
[2026-07-12 21:49:46] [INFO]   监控目录: C:\Users\62398\茶颜看板数据
[2026-07-12 21:49:46] [INFO]   文件模式: 门店销售报表_茶颜_各门店各商品销量数据明细_*.xlsx
[2026-07-12 21:49:46] [INFO] ==================================================
[2026-07-12 21:49:46] [INFO] 启动时发现未处理文件: 门店销售报表_茶颜_各门店各商品销量数据明细_20260712_21_37_43.xlsx (12分钟前)
[2026-07-12 21:49:56] [INFO] 检测到文件就绪: 门店销售报表_茶颜_各门店各商品销量数据明细_20260712_21_37_43.xlsx
[2026-07-12 21:49:56] [INFO] 开始处理: 门店销售报表_茶颜_各门店各商品销量数据明细_20260712_21_37_43.xlsx
[2026-07-12 21:51:00] [INFO] ==================================================
[2026-07-12 21:51:00] [INFO]   茶颜看板 XLSX 实时监控 启动
[2026-07-12 21:51:00] [INFO]   监控目录: C:\Users\62398\茶颜看板数据
[2026-07-12 21:51:00] [INFO]   文件模式: 门店销售报表_茶颜_各门店各商品销量数据明细_*.xlsx
[2026-07-12 21:51:00] [INFO] ==================================================
[2026-07-12 21:51:00] [INFO] 启动时发现未处理文件: 门店销售报表_茶颜_各门店各商品销量数据明细_20260712_21_37_43.xlsx (13分钟前)
[2026-07-12 21:51:10] [INFO] 检测到文件就绪: 门店销售报表_茶颜_各门店各商品销量数据明细_20260712_21_37_43.xlsx
[2026-07-12 21:51:10] [INFO] 开始处理: 门店销售报表_茶颜_各门店各商品销量数据明细_20260712_21_37_43.xlsx
[2026-07-12 21:53:43] [INFO] ==================================================
[2026-07-12 21:53:43] [INFO]   茶颜看板 XLSX 实时监控 启动
[2026-07-12 21:53:43] [INFO]   监控目录: C:\Users\62398\茶颜看板数据
[2026-07-12 21:53:43] [INFO]   文件模式: 门店销售报表_茶颜_各门店各商品销量数据明细_*.xlsx
[2026-07-12 21:53:43] [INFO] ==================================================
[2026-07-12 21:53:43] [INFO] 监控已启动，等待 xlsx 文件...
[2026-07-12 21:56:30] [INFO] ==================================================
[2026-07-12 21:56:30] [INFO]   茶颜看板 XLSX 实时监控 启动
[2026-07-12 21:56:30] [INFO]   监控目录: C:\Users\62398\茶颜看板数据
[2026-07-12 21:56:30] [INFO]   文件模式: 门店销售报表_茶颜_各门店各商品销量数据明细_*.xlsx
[2026-07-12 21:56:30] [INFO] ==================================================
[2026-07-12 21:56:30] [INFO] 监控已启动，等待 xlsx 文件...
[2026-07-12 21:58:29] [INFO] ==================================================
[2026-07-12 21:58:29] [INFO]   茶颜看板 XLSX 实时监控 启动
[2026-07-12 21:58:29] [INFO]   监控目录: C:\Users\62398\茶颜看板数据
[2026-07-12 21:58:29] [INFO]   文件模式: 门店销售报表_茶颜_各门店各商品销量数据明细_*.xlsx
[2026-07-12 21:58:29] [INFO] ==================================================
[2026-07-12 21:58:29] [INFO] 监控已启动，等待 xlsx 文件...
[2026-07-12 22:02:19] [INFO] ==================================================
[2026-07-12 22:02:19] [INFO]   茶颜看板 XLSX 实时监控 启动
[2026-07-12 22:02:19] [INFO]   监控目录: C:\Users\62398\茶颜看板数据
[2026-07-12 22:02:19] [INFO]   文件模式: 门店销售报表_茶颜_各门店各商品销量数据明细_*.xlsx
[2026-07-12 22:02:19] [INFO] ==================================================
[2026-07-12 22:02:19] [INFO] 监控已启动，等待 xlsx 文件...
